<?xml version="1.0" encoding="UTF-8"?>
<testng-results ignored="0" total="1" passed="1" failed="0" skipped="0">
  <reporter-output>
  </reporter-output>
  <suite started-at="2021-03-29T12:49:12 BST" name="Default suite" finished-at="2021-03-29T12:49:21 BST" duration-ms="8913">
    <groups>
    </groups>
    <test started-at="2021-03-29T12:49:12 BST" name="Default test" finished-at="2021-03-29T12:49:21 BST" duration-ms="8913">
      <class name="demo.HeadlessChromeDemo">
        <test-method signature="test()[pri:0, instance:demo.HeadlessChromeDemo@4f2b503c]" started-at="2021-03-29T12:49:12 BST" name="test" finished-at="2021-03-29T12:49:21 BST" duration-ms="8824" status="PASS">
          <reporter-output>
          </reporter-output>
        </test-method> <!-- test -->
      </class> <!-- demo.HeadlessChromeDemo -->
    </test> <!-- Default test -->
  </suite> <!-- Default suite -->
</testng-results>
