<?xml version="1.0" encoding="UTF-8"?>
<!-- Generated by org.testng.reporters.JUnitXMLReporter -->
<testsuite ignored="0" hostname="LAPTOP-7M0R9U8E" failures="0" tests="4" name="Test5" time="0.147" errors="0" timestamp="2021-03-26T11:17:37 GMT">
  <testcase classname="demo.TestNGGroupsDemo" name="test1" time="0.028"/>
  <testcase classname="demo.TestNGGroupsDemo" name="test2" time="0.003"/>
  <testcase classname="demo.TestNGGroupsDemo" name="test3" time="0.004"/>
  <testcase classname="demo.TestNGGroupsDemo" name="test4" time="0.002"/>
</testsuite> <!-- Test5 -->
